<?xml version="1.0" encoding="UTF-8"?>
<!-- Generated by org.testng.reporters.JUnitReportReporter -->
<testsuite hostname="IBM-PF3HJJ78" failures="0" tests="3" name="Practiceoftestng" time="0.013" errors="0" timestamp="2022-11-20T14:28:45 IST" skipped="0">
  <testcase classname="Practiceoftestng" name="runn" time="0.001"/>
  <system-out/>
  <testcase classname="Practiceoftestng" name="run" time="0.011"/>
  <system-out/>
  <testcase classname="Practiceoftestng" name="ruun" time="0.001"/>
  <system-out/>
</testsuite> <!-- Practiceoftestng -->
