<?xml version="1.0" encoding="UTF-8"?>
<!-- Generated by org.testng.reporters.JUnitReportReporter -->
<testsuite hostname="IBM-PF3HJJ78" failures="0" tests="1" name="SumValidation" time="2.062" errors="0" timestamp="2022-11-18T14:55:29 IST" skipped="0">
  <testcase classname="SumValidation" name="sumOfCourses" time="2.062"/>
  <system-out/>
</testsuite> <!-- SumValidation -->
